<?xml version="1.0" encoding="UTF-8"?>
<!-- Generated by org.testng.reporters.JUnitReportReporter -->
<testsuite hostname="Anu" failures="0" tests="1" name="week2.day2.assignments.CheckBox" time="6.379" errors="0" timestamp="2024-09-30T20:48:18 IST" skipped="0">
  <testcase classname="week2.day2.assignments.CheckBox" name="checkBox" time="6.379"/>
  <system-out/>
</testsuite> <!-- week2.day2.assignments.CheckBox -->
